22/12/20 11:50:17 976 [info] :  >> DATABASE 접속됨 [threadId=96]
22/12/20 11:50:17 979 [info] :  >> Connection 임대됨 [threadId=96]
22/12/20 11:50:17 985 [debug] : SELECT deptno, dname, loc FROM department  ORDER BY deptno DESC
22/12/20 11:50:18 081 [info] :  >> Connection 반납됨 [threadId=96]
22/12/20 11:52:04 403 [info] :  >> DATABASE 접속됨 [threadId=97]
22/12/20 11:52:04 406 [info] :  >> Connection 임대됨 [threadId=97]
22/12/20 11:52:04 408 [info] :  >> Connection 반납됨 [threadId=97]
22/12/20 11:52:29 664 [info] :  >> DATABASE 접속됨 [threadId=98]
22/12/20 11:52:29 668 [info] :  >> Connection 임대됨 [threadId=98]
22/12/20 11:52:29 670 [info] :  >> Connection 반납됨 [threadId=98]
22/12/20 11:52:39 799 [info] :  >> DATABASE 접속됨 [threadId=99]
22/12/20 11:52:39 801 [info] :  >> Connection 임대됨 [threadId=99]
22/12/20 11:52:39 805 [debug] : SELECT deptno, dname, loc FROM department WHERE deptno='101';
22/12/20 11:52:39 859 [info] :  >> Connection 반납됨 [threadId=99]
22/12/20 11:52:45 222 [info] :  >> DATABASE 접속됨 [threadId=100]
22/12/20 11:52:45 224 [info] :  >> Connection 임대됨 [threadId=100]
22/12/20 11:52:45 228 [debug] : SELECT deptno, dname, loc FROM department WHERE deptno='102';
22/12/20 11:52:45 239 [info] :  >> Connection 반납됨 [threadId=100]
22/12/20 12:01:31 462 [info] :  >> DATABASE 접속됨 [threadId=101]
22/12/20 12:01:31 466 [info] :  >> Connection 임대됨 [threadId=101]
22/12/20 12:01:31 469 [debug] : INSERT INTO department (dname, loc) VALUES ('헬로학과', '이젠1403호');
22/12/20 12:01:31 548 [info] :  >> Connection 반납됨 [threadId=101]
22/12/20 18:52:38 922 [info] :  >> DATABASE 접속됨 [threadId=103]
22/12/20 18:52:38 925 [info] :  >> Connection 임대됨 [threadId=103]
22/12/20 18:52:38 927 [info] :  >> Connection 반납됨 [threadId=103]
22/12/20 18:57:34 985 [info] :  >> DATABASE 접속됨 [threadId=104]
22/12/20 18:57:34 988 [info] :  >> Connection 임대됨 [threadId=104]
22/12/20 18:57:34 995 [debug] : UPDATE department SET dname='헬로학과(수정)', loc=NULL  WHERE deptno='305';
22/12/20 18:57:35 107 [debug] : SELECT deptno, dname, loc FROM department WHERE deptno='305';
22/12/20 18:57:35 134 [info] :  >> Connection 반납됨 [threadId=104]
22/12/20 19:25:04 695 [info] :  >> DATABASE 접속됨 [threadId=105]
22/12/20 19:25:04 698 [info] :  >> Connection 임대됨 [threadId=105]
22/12/20 19:25:04 702 [debug] : DELETE FROM student WHERE deptno='305';
22/12/20 19:25:04 720 [debug] : DELETE FROM professor WHERE deptno='305';
22/12/20 19:25:04 725 [debug] : DELETE FROM department WHERE deptno='305'
22/12/20 19:25:04 739 [info] :  >> Connection 반납됨 [threadId=105]
22/12/20 19:26:18 288 [info] :  >> DATABASE 접속됨 [threadId=106]
22/12/20 19:26:18 290 [info] :  >> Connection 임대됨 [threadId=106]
22/12/20 19:26:18 294 [debug] : DELETE FROM student WHERE deptno='101';
22/12/20 19:26:18 299 [debug] : DELETE FROM professor WHERE deptno='101';
22/12/20 19:26:18 305 [debug] : DELETE FROM department WHERE deptno='101'
22/12/20 19:26:18 311 [info] :  >> Connection 반납됨 [threadId=106]
22/12/20 19:34:24 400 [info] :  >> DATABASE 접속됨 [threadId=107]
22/12/20 19:34:24 403 [info] :  >> Connection 임대됨 [threadId=107]
22/12/20 19:34:24 408 [debug] : SELECT COUNT(*) AS cnt FROM department
22/12/20 19:34:24 439 [info] :  >> Connection 반납됨 [threadId=107]
22/12/20 19:37:29 752 [info] :  >> DATABASE 접속됨 [threadId=108]
22/12/20 19:37:29 755 [info] :  >> Connection 임대됨 [threadId=108]
22/12/20 19:37:29 759 [debug] : SELECT deptno, dname, loc FROM department WHERE deptno='102';
22/12/20 19:37:29 771 [info] :  >> Connection 반납됨 [threadId=108]
22/12/20 19:38:25 545 [info] :  >> DATABASE 접속됨 [threadId=109]
22/12/20 19:38:25 547 [info] :  >> Connection 임대됨 [threadId=109]
22/12/20 19:38:25 550 [debug] : INSERT INTO department (dname, loc) VALUES ('헬로학과', '이젠1403호');
22/12/20 19:38:25 569 [info] :  >> Connection 반납됨 [threadId=109]
22/12/20 23:12:29 985 [info] :  >> DATABASE 접속됨 [threadId=110]
22/12/20 23:12:29 990 [info] :  >> Connection 임대됨 [threadId=110]
22/12/20 23:12:30 000 [debug] : INSERT INTO department (dname, loc) VALUES ('헬로학과', '이젠1403호');
22/12/20 23:12:30 115 [info] :  >> Connection 반납됨 [threadId=110]
22/12/20 23:14:17 901 [info] :  >> DATABASE 접속됨 [threadId=111]
22/12/20 23:14:17 904 [info] :  >> Connection 임대됨 [threadId=111]
22/12/20 23:14:17 907 [debug] : INSERT INTO department (dname, loc) VALUES ('헬로학과', '이젠1403호');
22/12/20 23:14:17 943 [debug] : SELECT deptno, dname, loc FROM department WHERE deptno='317';
22/12/20 23:14:17 985 [info] :  >> Connection 반납됨 [threadId=111]
