22/12/07 10:55:41 147 [error] : error 메시지 입니다. (1수준)
22/12/07 10:55:41 151 [warn] : warn 메시지 입니다. (2수준)
22/12/07 10:55:41 152 [info] : info 메시지 입니다. (3수준)
22/12/07 10:55:41 156 [verbose] : verbose 메시지 입니다. (4수준)
22/12/07 10:55:41 160 [debug] : debug 메시지 입니다. (5수준)
22/12/07 11:27:29 858 [error] : error 메시지 입니다.
22/12/07 11:27:29 862 [warn] : warn 메시지 입니다.
22/12/07 11:27:29 862 [info] : info 메시지 입니다.
22/12/07 11:27:29 863 [verbose] : verbose 메시지 입니다.
22/12/07 11:27:29 864 [debug] : debug 메시지 입니다.
22/12/07 12:20:43 619 [debug] : 12:20:43
22/12/07 12:21:27 487 [debug] : 12:21:27
22/12/07 12:21:27 491 [debug] : 12:21:32
22/12/07 12:23:51 913 [debug] : 12:23:51
22/12/07 12:23:51 916 [debug] : 12:23:56
22/12/07 12:23:52 038 [info] : 12:23:56 에 작업이 예약되었습니다.
22/12/07 12:23:56 914 [debug] : 5초 후 예약된 작업이 수행되었습니다.
22/12/07 12:34:25 829 [info] : 예약작업이 설정되었습니다.
22/12/07 12:34:35 011 [debug] : [rule4] 매주 월~토 매 분 35초마다 실행
22/12/07 12:35:10 010 [debug] : [rule1] 매분 10초 마다 수행!!
22/12/07 12:35:20 031 [debug] : [rule2] 매시간 35분 20초 마다 수행!!
22/12/07 12:35:35 012 [debug] : [rule4] 매주 월~토 매 분 35초마다 실행
22/12/07 12:35:37 036 [debug] : [rule3] 매일 12시 35분 37초 마다 수행!!
22/12/07 12:40:20 089 [info] : 예약작업이 설정되었습니다.
22/12/07 12:41:00 014 [debug] : 2분마다 한번씩 수행
22/12/07 12:41:00 023 [debug] : 매 시 15,45분마다 수행
22/12/07 12:41:00 054 [debug] : 1분에 한번씩 수행
22/12/07 12:42:00 015 [debug] : 1분에 한번씩 수행
22/12/07 12:42:00 038 [debug] : 매 시 15,45분마다 수행
22/12/07 12:42:00 050 [debug] : 2분마다 한번씩 수행
22/12/07 16:31:58 998 [debug] : Hello Python~!!!
안녕하세요. 파이썬~!!!

22/12/07 16:40:58 803 [debug] : promise 방식으로 HTTP 요청
22/12/07 16:40:58 847 [debug] : Promise 방식 - Hello Python~!!!
안녕하세요. 파이썬~!!!

22/12/07 16:40:58 848 [debug] : Promise방식 - fin
22/12/07 16:53:55 993 [debug] : async/await + 즉시 실행 함수 방식으로 HTTP 요청
22/12/07 16:53:56 024 [debug] : Async-await 방식 - Hello Python~!!!
안녕하세요. 파이썬~!!!

22/12/07 16:58:32 881 [debug] : [%d번째 항목] 이름: %s, 학년: %d, 성별: %s, 국어: %d, 영어: %d, 수학: %d, 과학: %d
22/12/07 16:58:32 887 [debug] : [%d번째 항목] 이름: %s, 학년: %d, 성별: %s, 국어: %d, 영어: %d, 수학: %d, 과학: %d
22/12/07 16:58:32 888 [debug] : [%d번째 항목] 이름: %s, 학년: %d, 성별: %s, 국어: %d, 영어: %d, 수학: %d, 과학: %d
22/12/07 16:58:32 889 [debug] : [%d번째 항목] 이름: %s, 학년: %d, 성별: %s, 국어: %d, 영어: %d, 수학: %d, 과학: %d
22/12/07 16:58:32 891 [debug] : [%d번째 항목] 이름: %s, 학년: %d, 성별: %s, 국어: %d, 영어: %d, 수학: %d, 과학: %d
22/12/07 16:59:15 206 [debug] : [%d번째 항목] 이름: %s, 학년: %d, 성별: %s, 국어: %d, 영어: %d, 수학: %d, 과학: %d
22/12/07 16:59:15 209 [debug] : [%d번째 항목] 이름: %s, 학년: %d, 성별: %s, 국어: %d, 영어: %d, 수학: %d, 과학: %d
22/12/07 16:59:15 209 [debug] : [%d번째 항목] 이름: %s, 학년: %d, 성별: %s, 국어: %d, 영어: %d, 수학: %d, 과학: %d
22/12/07 16:59:15 210 [debug] : [%d번째 항목] 이름: %s, 학년: %d, 성별: %s, 국어: %d, 영어: %d, 수학: %d, 과학: %d
22/12/07 16:59:15 211 [debug] : [%d번째 항목] 이름: %s, 학년: %d, 성별: %s, 국어: %d, 영어: %d, 수학: %d, 과학: %d
22/12/07 17:23:40 304 [debug] : 다른 백엔드로부터 응답받은 결과값: 300
22/12/07 17:28:45 864 [error] : [Error Code] undefined
22/12/07 17:28:45 867 [error] : [Error Message] Cannot read properties of undefined (reading 'getHeaders')
22/12/07 17:29:23 037 [debug] : 다른 백엔드로부터 응답받은 결과값: 500
22/12/07 17:34:51 726 [debug] : {"boxOfficeResult":{"boxofficeType":"일별 박스오피스","showRange":"20221206~20221206","dailyBoxOfficeList":[{"rnum":"1","rank":"1","rankInten":"0","rankOldAndNew":"OLD","movieCd":"20227762","movieNm":"올빼미","openDt":"2022-11-23","salesAmt":"644717442","salesShare":"45.6","salesInten":"-7281172","salesChange":"-1.1","salesAcc":"18609322441","audiCnt":"68722","audiInten":"-114","audiChange":"-0.2","audiAcc":"1901227","scrnCnt":"1357","showCnt":"5289"},{"rnum":"2","rank":"2","rankInten":"0","rankOldAndNew":"OLD","movieCd":"20205106","movieNm":"압꾸정","openDt":"2022-11-30","salesAmt":"223760046","salesShare":"15.8","salesInten":"-2709761","salesChange":"-1.2","salesAcc":"3914378023","audiCnt":"24378","audiInten":"-39","audiChange":"-0.2","audiAcc":"413334","scrnCnt":"1018","showCnt":"3362"},{"rnum":"3","rank":"3","rankInten":"0","rankOldAndNew":"OLD","movieCd":"20210364","movieNm":"탄생","openDt":"2022-11-30","salesAmt":"103574950","salesShare":"7.3","salesInten":"-1560926","salesChange":"-1.5","salesAcc":"1254330285","audiCnt":"12008","audiInten":"47","audiChange":"0.4","audiAcc":"144353","scrnCnt":"580","showCnt":"1210"},{"rnum":"4","rank":"4","rankInten":"0","rankOldAndNew":"OLD","movieCd":"20228313","movieNm":"오늘 밤, 세계에서 이 사랑이 사라진다 해도","openDt":"2022-11-30","salesAmt":"81800566","salesShare":"5.8","salesInten":"3275527","salesChange":"4.2","salesAcc":"701383517","audiCnt":"8740","audiInten":"634","audiChange":"7.8","audiAcc":"71801","scrnCnt":"258","showCnt":"440"},{"rnum":"5","rank":"5","rankInten":"2","rankOldAndNew":"OLD","movieCd":"20217905","movieNm":"데시벨","openDt":"2022-11-16","salesAmt":"37613213","salesShare":"2.7","salesInten":"6661529","salesChange":"21.5","salesAcc":"8641697662","audiCnt":"4751","audiInten":"1187","audiChange":"33.3","audiAcc":"877597","scrnCnt":"412","showCnt":"582"},{"rnum":"6","rank":"6","rankInten":"-1","rankOldAndNew":"OLD","movieCd":"20227445","movieNm":"원피스 필름 레드","openDt":"2022-11-30","salesAmt":"52612262","salesShare":"3.7","salesInten":"-8135599","salesChange":"-13.4","salesAcc":"1399204806","audiCnt":"4668","audiInten":"-698","audiChange":"-13","audiAcc":"129073","scrnCnt":"457","showCnt":"913"},{"rnum":"7","rank":"7","rankInten":"-1","rankOldAndNew":"OLD","movieCd":"20226254","movieNm":"블랙 팬서: 와칸다 포에버","openDt":"2022-11-09","salesAmt":"40131685","salesShare":"2.8","salesInten":"877794","salesChange":"2.2","salesAcc":"21977339397","audiCnt":"4500","audiInten":"233","audiChange":"5.5","audiAcc":"2082496","scrnCnt":"388","showCnt":"539"},{"rnum":"8","rank":"8","rankInten":"0","rankOldAndNew":"OLD","movieCd":"20228308","movieNm":"극장판 뽀로로와 친구들: 바이러스를 없애줘!","openDt":"2022-12-01","salesAmt":"23026700","salesShare":"1.6","salesInten":"-293000","salesChange":"-1.3","salesAcc":"753725700","audiCnt":"2714","audiInten":"-6","audiChange":"-0.2","audiAcc":"83119","scrnCnt":"208","showCnt":"344"},{"rnum":"9","rank":"9","rankInten":"0","rankOldAndNew":"NEW","movieCd":"20227885","movieNm":"프레이 포 더 데블","openDt":"2022-12-07","salesAmt":"25448000","salesShare":"1.8","salesInten":"25448000","salesChange":"100","salesAcc":"30397700","audiCnt":"2659","audiInten":"2659","audiChange":"100","audiAcc":"3152","scrnCnt":"18","showCnt":"18"},{"rnum":"10","rank":"10","rankInten":"1","rankOldAndNew":"OLD","movieCd":"20228190","movieNm":"스트레인지 월드","openDt":"2022-11-23","salesAmt":"17000900","salesShare":"1.2","salesInten":"10836000","salesChange":"175.8","salesAcc":"862703143","audiCnt":"2613","audiInten":"1694","audiChange":"184.3","audiAcc":"97808","scrnCnt":"92","showCnt":"97"}]}}
22/12/07 17:36:45 718 [debug] : {"boxOfficeResult":{"boxofficeType":"일별 박스오피스","showRange":"20221206~20221206","dailyBoxOfficeList":[{"rnum":"1","rank":"1","rankInten":"0","rankOldAndNew":"OLD","movieCd":"20227762","movieNm":"올빼미","openDt":"2022-11-23","salesAmt":"644717442","salesShare":"45.6","salesInten":"-7281172","salesChange":"-1.1","salesAcc":"18609322441","audiCnt":"68722","audiInten":"-114","audiChange":"-0.2","audiAcc":"1901227","scrnCnt":"1357","showCnt":"5289"},{"rnum":"2","rank":"2","rankInten":"0","rankOldAndNew":"OLD","movieCd":"20205106","movieNm":"압꾸정","openDt":"2022-11-30","salesAmt":"223760046","salesShare":"15.8","salesInten":"-2709761","salesChange":"-1.2","salesAcc":"3914378023","audiCnt":"24378","audiInten":"-39","audiChange":"-0.2","audiAcc":"413334","scrnCnt":"1018","showCnt":"3362"},{"rnum":"3","rank":"3","rankInten":"0","rankOldAndNew":"OLD","movieCd":"20210364","movieNm":"탄생","openDt":"2022-11-30","salesAmt":"103574950","salesShare":"7.3","salesInten":"-1560926","salesChange":"-1.5","salesAcc":"1254330285","audiCnt":"12008","audiInten":"47","audiChange":"0.4","audiAcc":"144353","scrnCnt":"580","showCnt":"1210"},{"rnum":"4","rank":"4","rankInten":"0","rankOldAndNew":"OLD","movieCd":"20228313","movieNm":"오늘 밤, 세계에서 이 사랑이 사라진다 해도","openDt":"2022-11-30","salesAmt":"81800566","salesShare":"5.8","salesInten":"3275527","salesChange":"4.2","salesAcc":"701383517","audiCnt":"8740","audiInten":"634","audiChange":"7.8","audiAcc":"71801","scrnCnt":"258","showCnt":"440"},{"rnum":"5","rank":"5","rankInten":"2","rankOldAndNew":"OLD","movieCd":"20217905","movieNm":"데시벨","openDt":"2022-11-16","salesAmt":"37613213","salesShare":"2.7","salesInten":"6661529","salesChange":"21.5","salesAcc":"8641697662","audiCnt":"4751","audiInten":"1187","audiChange":"33.3","audiAcc":"877597","scrnCnt":"412","showCnt":"582"},{"rnum":"6","rank":"6","rankInten":"-1","rankOldAndNew":"OLD","movieCd":"20227445","movieNm":"원피스 필름 레드","openDt":"2022-11-30","salesAmt":"52612262","salesShare":"3.7","salesInten":"-8135599","salesChange":"-13.4","salesAcc":"1399204806","audiCnt":"4668","audiInten":"-698","audiChange":"-13","audiAcc":"129073","scrnCnt":"457","showCnt":"913"},{"rnum":"7","rank":"7","rankInten":"-1","rankOldAndNew":"OLD","movieCd":"20226254","movieNm":"블랙 팬서: 와칸다 포에버","openDt":"2022-11-09","salesAmt":"40131685","salesShare":"2.8","salesInten":"877794","salesChange":"2.2","salesAcc":"21977339397","audiCnt":"4500","audiInten":"233","audiChange":"5.5","audiAcc":"2082496","scrnCnt":"388","showCnt":"539"},{"rnum":"8","rank":"8","rankInten":"0","rankOldAndNew":"OLD","movieCd":"20228308","movieNm":"극장판 뽀로로와 친구들: 바이러스를 없애줘!","openDt":"2022-12-01","salesAmt":"23026700","salesShare":"1.6","salesInten":"-293000","salesChange":"-1.3","salesAcc":"753725700","audiCnt":"2714","audiInten":"-6","audiChange":"-0.2","audiAcc":"83119","scrnCnt":"208","showCnt":"344"},{"rnum":"9","rank":"9","rankInten":"0","rankOldAndNew":"NEW","movieCd":"20227885","movieNm":"프레이 포 더 데블","openDt":"2022-12-07","salesAmt":"25448000","salesShare":"1.8","salesInten":"25448000","salesChange":"100","salesAcc":"30397700","audiCnt":"2659","audiInten":"2659","audiChange":"100","audiAcc":"3152","scrnCnt":"18","showCnt":"18"},{"rnum":"10","rank":"10","rankInten":"1","rankOldAndNew":"OLD","movieCd":"20228190","movieNm":"스트레인지 월드","openDt":"2022-11-23","salesAmt":"17000900","salesShare":"1.2","salesInten":"10836000","salesChange":"175.8","salesAcc":"862703143","audiCnt":"2613","audiInten":"1694","audiChange":"184.3","audiAcc":"97808","scrnCnt":"92","showCnt":"97"}]}}
22/12/07 17:36:45 722 [debug] : [제목]: 올빼미,	[관람객수]: 68722
22/12/07 17:36:45 722 [debug] : [제목]: 압꾸정,	[관람객수]: 24378
22/12/07 17:36:45 723 [debug] : [제목]: 탄생,	[관람객수]: 12008
22/12/07 17:36:45 723 [debug] : [제목]: 오늘 밤, 세계에서 이 사랑이 사라진다 해도,	[관람객수]: 8740
22/12/07 17:36:45 723 [debug] : [제목]: 데시벨,	[관람객수]: 4751
22/12/07 17:36:45 724 [debug] : [제목]: 원피스 필름 레드,	[관람객수]: 4668
22/12/07 17:36:45 724 [debug] : [제목]: 블랙 팬서: 와칸다 포에버,	[관람객수]: 4500
22/12/07 17:36:45 724 [debug] : [제목]: 극장판 뽀로로와 친구들: 바이러스를 없애줘!,	[관람객수]: 2714
22/12/07 17:36:45 725 [debug] : [제목]: 프레이 포 더 데블,	[관람객수]: 2659
22/12/07 17:36:45 726 [debug] : [제목]: 스트레인지 월드,	[관람객수]: 2613
